0 info it worked if it ends with ok
1 verbose cli [ '/usr/bin/node',
1 verbose cli   '/usr/bin/npm',
1 verbose cli   'install',
1 verbose cli   '@types/dojot-libs',
1 verbose cli   '--save' ]
2 info using npm@3.5.2
3 info using node@v8.10.0
4 silly loadCurrentTree Starting
5 silly install loadCurrentTree
6 silly install readLocalPackageData
7 silly fetchPackageMetaData @types/dojot-libs
8 silly fetchNamedPackageData @types/dojot-libs
9 silly mapToRegistry name @types/dojot-libs
10 silly mapToRegistry scope (from package name) @types
11 verbose mapToRegistry no registry URL found in name for scope @types
12 silly mapToRegistry using default registry
13 silly mapToRegistry registry https://registry.npmjs.org/
14 silly mapToRegistry uri https://registry.npmjs.org/@types%2fdojot-libs
15 verbose request uri https://registry.npmjs.org/@types%2fdojot-libs
16 verbose request no auth needed
17 info attempt registry request try #1 at 4:14:47 PM
18 verbose request using bearer token for auth
19 verbose request id 5e518b1547f9d4aa
20 http request GET https://registry.npmjs.org/@types%2fdojot-libs
21 http 404 https://registry.npmjs.org/@types%2fdojot-libs
22 verbose headers { date: 'Thu, 02 Aug 2018 19:14:48 GMT',
22 verbose headers   'content-type': 'application/json',
22 verbose headers   'content-length': '21',
22 verbose headers   connection: 'keep-alive',
22 verbose headers   'set-cookie':
22 verbose headers    [ '__cfduid=d17b42c1b4ebd6976ad426aafe6cad4761533237287; expires=Fri, 02-Aug-19 19:14:47 GMT; path=/; domain=.registry.npmjs.org; HttpOnly' ],
22 verbose headers   'cf-cache-status': 'MISS',
22 verbose headers   'cf-ray': '4442de996a8d4afd-GRU',
22 verbose headers   'expect-ct': 'max-age=604800, report-uri="https://report-uri.cloudflare.com/cdn-cgi/beacon/expect-ct"',
22 verbose headers   vary: 'Accept-Encoding',
22 verbose headers   server: 'cloudflare' }
23 silly get cb [ 404,
23 silly get   { date: 'Thu, 02 Aug 2018 19:14:48 GMT',
23 silly get     'content-type': 'application/json',
23 silly get     'content-length': '21',
23 silly get     connection: 'keep-alive',
23 silly get     'set-cookie':
23 silly get      [ '__cfduid=d17b42c1b4ebd6976ad426aafe6cad4761533237287; expires=Fri, 02-Aug-19 19:14:47 GMT; path=/; domain=.registry.npmjs.org; HttpOnly' ],
23 silly get     'cf-cache-status': 'MISS',
23 silly get     'cf-ray': '4442de996a8d4afd-GRU',
23 silly get     'expect-ct': 'max-age=604800, report-uri="https://report-uri.cloudflare.com/cdn-cgi/beacon/expect-ct"',
23 silly get     vary: 'Accept-Encoding',
23 silly get     server: 'cloudflare' } ]
24 silly fetchPackageMetaData Error: Not found : @types/dojot-libs
24 silly fetchPackageMetaData     at makeError (/usr/share/npm/node_modules/npm-registry-client/lib/request.js:264:12)
24 silly fetchPackageMetaData     at CachingRegistryClient.<anonymous> (/usr/share/npm/node_modules/npm-registry-client/lib/request.js:252:14)
24 silly fetchPackageMetaData     at Request._callback (/usr/share/npm/node_modules/npm-registry-client/lib/request.js:172:14)
24 silly fetchPackageMetaData     at Request.self.callback (/usr/share/npm/node_modules/request/request.js:198:22)
24 silly fetchPackageMetaData     at emitTwo (events.js:126:13)
24 silly fetchPackageMetaData     at Request.emit (events.js:214:7)
24 silly fetchPackageMetaData     at Request.<anonymous> (/usr/share/npm/node_modules/request/request.js:1082:10)
24 silly fetchPackageMetaData     at emitOne (events.js:121:20)
24 silly fetchPackageMetaData     at Request.emit (events.js:211:7)
24 silly fetchPackageMetaData     at IncomingMessage.<anonymous> (/usr/share/npm/node_modules/request/request.js:1009:12)
24 silly fetchPackageMetaData  error for @types/dojot-libs { Error: Not found : @types/dojot-libs
24 silly fetchPackageMetaData     at makeError (/usr/share/npm/node_modules/npm-registry-client/lib/request.js:264:12)
24 silly fetchPackageMetaData     at CachingRegistryClient.<anonymous> (/usr/share/npm/node_modules/npm-registry-client/lib/request.js:252:14)
24 silly fetchPackageMetaData     at Request._callback (/usr/share/npm/node_modules/npm-registry-client/lib/request.js:172:14)
24 silly fetchPackageMetaData     at Request.self.callback (/usr/share/npm/node_modules/request/request.js:198:22)
24 silly fetchPackageMetaData     at emitTwo (events.js:126:13)
24 silly fetchPackageMetaData     at Request.emit (events.js:214:7)
24 silly fetchPackageMetaData     at Request.<anonymous> (/usr/share/npm/node_modules/request/request.js:1082:10)
24 silly fetchPackageMetaData     at emitOne (events.js:121:20)
24 silly fetchPackageMetaData     at Request.emit (events.js:211:7)
24 silly fetchPackageMetaData     at IncomingMessage.<anonymous> (/usr/share/npm/node_modules/request/request.js:1009:12) pkgid: '@types/dojot-libs', statusCode: 404, code: 'E404' }
25 silly rollbackFailedOptional Starting
26 silly rollbackFailedOptional Finishing
27 silly runTopLevelLifecycles Starting
28 silly runTopLevelLifecycles Finishing
29 silly install printInstalled
30 verbose stack Error: Not found : @types/dojot-libs
30 verbose stack     at makeError (/usr/share/npm/node_modules/npm-registry-client/lib/request.js:264:12)
30 verbose stack     at CachingRegistryClient.<anonymous> (/usr/share/npm/node_modules/npm-registry-client/lib/request.js:252:14)
30 verbose stack     at Request._callback (/usr/share/npm/node_modules/npm-registry-client/lib/request.js:172:14)
30 verbose stack     at Request.self.callback (/usr/share/npm/node_modules/request/request.js:198:22)
30 verbose stack     at emitTwo (events.js:126:13)
30 verbose stack     at Request.emit (events.js:214:7)
30 verbose stack     at Request.<anonymous> (/usr/share/npm/node_modules/request/request.js:1082:10)
30 verbose stack     at emitOne (events.js:121:20)
30 verbose stack     at Request.emit (events.js:211:7)
30 verbose stack     at IncomingMessage.<anonymous> (/usr/share/npm/node_modules/request/request.js:1009:12)
31 verbose statusCode 404
32 verbose pkgid @types/dojot-libs
33 verbose cwd /home/muhamed/Documents/Workspace/Dojot/data-broker
34 error Linux 4.15.0-29-generic
35 error argv "/usr/bin/node" "/usr/bin/npm" "install" "@types/dojot-libs" "--save"
36 error node v8.10.0
37 error npm  v3.5.2
38 error code E404
39 error 404 Not found : @types/dojot-libs
40 error 404
41 error 404 '@types/dojot-libs' is not in the npm registry.
42 error 404 You should bug the author to publish it (or use the name yourself!)
43 error 404 Note that you can also install from a
44 error 404 tarball, folder, http url, or git url.
45 verbose exit [ 1, true ]
